This is pdfTeX, Version 3.141592653-2.6-1.40.25 (MiKTeX 23.10.12) (preloaded format=pdflatex 2023.11.11)  11 NOV 2023 17:47
entering extended mode
 restricted \write18 enabled.
 file:line:error style messages enabled.
 %&-line parsing enabled.
**"d:/Coding/HCMUS/UD IDA/Final Project/report/content/title.tex"
(d:/Coding/HCMUS/UD IDA/Final Project/report/content/title.tex
LaTeX2e <2023-11-01>
L3 programming layer <2023-11-01>

d:/Coding/HCMUS/UD IDA/Final Project/report/content/title.tex:1: LaTeX Error: Environment titlepage undefined.

See the LaTeX manual or LaTeX Companion for explanation.
Type  H <return>  for immediate help.
 ...                                              
                                                  
l.1 \begin{titlepage}
                     
Your command was ignored.
Type  I <command> <return>  to replace it with another command,
or  <return>  to continue without it.


d:/Coding/HCMUS/UD IDA/Final Project/report/content/title.tex:5: LaTeX Error: Missing \begin{document}.

See the LaTeX manual or LaTeX Companion for explanation.
Type  H <return>  for immediate help.
 ...                                              
                                                  
l.5 \textsc{\LARGE ƒë·∫°i h·ªçc qu·ªëc gia tphcm}
                                                 \\[0.5cm]
You're in trouble here.  Try typing  <return>  to proceed.
If that doesn't work, type  X <return>  to quit.

d:/Coding/HCMUS/UD IDA/Final Project/report/content/title.tex:5: Undefined control sequence.
<recently read> \LARGE 
                       
l.5 \textsc{\LARGE ƒë·∫°i h·ªçc qu·ªëc gia tphcm}
                                                 \\[0.5cm]
The control sequence at the end of the top line
of your error message was never \def'ed. If you have
misspelled it (e.g., `\hobx'), type `I' and the correct
spelling (e.g., `I\hbox'). Otherwise just continue,
and I'll forget about whatever was undefined.


d:/Coding/HCMUS/UD IDA/Final Project/report/content/title.tex:5: LaTeX Error: Command \dj unavailable in encoding OT1.

See the LaTeX manual or LaTeX Companion for explanation.
Type  H <return>  for immediate help.
 ...                                              
                                                  
l.5 \textsc{\LARGE ƒë·∫°i h·ªçc qu·ªëc gia tphcm}
                                                 \\[0.5cm]
Your command was ignored.
Type  I <command> <return>  to replace it with another command,
or  <return>  to continue without it.


d:/Coding/HCMUS/UD IDA/Final Project/report/content/title.tex:5: LaTeX Error: Unicode character ·∫° (U+1EA1)
               not set up for use with LaTeX.

See the LaTeX manual or LaTeX Companion for explanation.
Type  H <return>  for immediate help.
 ...                                              
                                                  
l.5 \textsc{\LARGE ƒë·∫°i h·ªçc qu·ªëc gia tphcm}
                                                 \\[0.5cm]
You may provide a definition with
\DeclareUnicodeCharacter 


d:/Coding/HCMUS/UD IDA/Final Project/report/content/title.tex:5: LaTeX Error: Unicode character ·ªç (U+1ECD)
               not set up for use with LaTeX.

See the LaTeX manual or LaTeX Companion for explanation.
Type  H <return>  for immediate help.
 ...                                              
                                                  
l.5 \textsc{\LARGE ƒë·∫°i h·ªçc qu·ªëc gia tphcm}
                                                 \\[0.5cm]
You may provide a definition with
\DeclareUnicodeCharacter 


d:/Coding/HCMUS/UD IDA/Final Project/report/content/title.tex:5: LaTeX Error: Unicode character ·ªë (U+1ED1)
               not set up for use with LaTeX.

See the LaTeX manual or LaTeX Companion for explanation.
Type  H <return>  for immediate help.
 ...                                              
                                                  
l.5 \textsc{\LARGE ƒë·∫°i h·ªçc qu·ªëc gia tphcm}
                                                 \\[0.5cm]
You may provide a definition with
\DeclareUnicodeCharacter 


Overfull \hbox (3.0222pt too wide) in paragraph at lines 5--5
 []\OT1/cmr/m/sc/10 i 
 []


Overfull \hbox (12.04439pt too wide) in paragraph at lines 5--5
 \OT1/cmr/m/sc/10 hc 
 []


Overfull \hbox (18.39992pt too wide) in paragraph at lines 5--5
 \OT1/cmr/m/sc/10 quc 
 []


Overfull \hbox (15.56659pt too wide) in paragraph at lines 5--5
 \OT1/cmr/m/sc/10 gia 
 []


Overfull \hbox (30.99983pt too wide) in paragraph at lines 5--5
 \OT1/cmr/m/sc/10 tphcm 
 []


d:/Coding/HCMUS/UD IDA/Final Project/report/content/title.tex:6: LaTeX Error: Missing \begin{document}.

See the LaTeX manual or LaTeX Companion for explanation.
Type  H <return>  for immediate help.
 ...                                              
                                                  
l.6 ...∞·ªùng ƒë·∫°i h·ªçc khoa h·ªçc t·ª± nhi√™n}
                                                  \\[0.5cm]
You're in trouble here.  Try typing  <return>  to proceed.
If that doesn't work, type  X <return>  to quit.

d:/Coding/HCMUS/UD IDA/Final Project/report/content/title.tex:6: Undefined control sequence.
<recently read> \Large 
                       
l.6 ...∞·ªùng ƒë·∫°i h·ªçc khoa h·ªçc t·ª± nhi√™n}
                                                  \\[0.5cm]
The control sequence at the end of the top line
of your error message was never \def'ed. If you have
misspelled it (e.g., `\hobx'), type `I' and the correct
spelling (e.g., `I\hbox'). Otherwise just continue,
and I'll forget about whatever was undefined.


d:/Coding/HCMUS/UD IDA/Final Project/report/content/title.tex:6: LaTeX Error: Unicode character ∆∞ (U+01B0)
               not set up for use with LaTeX.

See the LaTeX manual or LaTeX Companion for explanation.
Type  H <return>  for immediate help.
 ...                                              
                                                  
l.6 ...∞·ªùng ƒë·∫°i h·ªçc khoa h·ªçc t·ª± nhi√™n}
                                                  \\[0.5cm]
You may provide a definition with
\DeclareUnicodeCharacter 


d:/Coding/HCMUS/UD IDA/Final Project/report/content/title.tex:6: LaTeX Error: Unicode character ·ªù (U+1EDD)
               not set up for use with LaTeX.

See the LaTeX manual or LaTeX Companion for explanation.
Type  H <return>  for immediate help.
 ...                                              
                                                  
l.6 ...∞·ªùng ƒë·∫°i h·ªçc khoa h·ªçc t·ª± nhi√™n}
                                                  \\[0.5cm]
You may provide a definition with
\DeclareUnicodeCharacter 


d:/Coding/HCMUS/UD IDA/Final Project/report/content/title.tex:6: LaTeX Error: Command \dj unavailable in encoding OT1.

See the LaTeX manual or LaTeX Companion for explanation.
Type  H <return>  for immediate help.
 ...                                              
                                                  
l.6 ...∞·ªùng ƒë·∫°i h·ªçc khoa h·ªçc t·ª± nhi√™n}
                                                  \\[0.5cm]
Your command was ignored.
Type  I <command> <return>  to replace it with another command,
or  <return>  to continue without it.


d:/Coding/HCMUS/UD IDA/Final Project/report/content/title.tex:6: LaTeX Error: Unicode character ·∫° (U+1EA1)
               not set up for use with LaTeX.

See the LaTeX manual or LaTeX Companion for explanation.
Type  H <return>  for immediate help.
 ...                                              
                                                  
l.6 ...∞·ªùng ƒë·∫°i h·ªçc khoa h·ªçc t·ª± nhi√™n}
                                                  \\[0.5cm]
You may provide a definition with
\DeclareUnicodeCharacter 


d:/Coding/HCMUS/UD IDA/Final Project/report/content/title.tex:6: LaTeX Error: Unicode character ·ªç (U+1ECD)
               not set up for use with LaTeX.

See the LaTeX manual or LaTeX Companion for explanation.
Type  H <return>  for immediate help.
 ...                                              
                                                  
l.6 ...∞·ªùng ƒë·∫°i h·ªçc khoa h·ªçc t·ª± nhi√™n}
                                                  \\[0.5cm]
You may provide a definition with
\DeclareUnicodeCharacter 


d:/Coding/HCMUS/UD IDA/Final Project/report/content/title.tex:6: LaTeX Error: Unicode character ·ªç (U+1ECD)
               not set up for use with LaTeX.

See the LaTeX manual or LaTeX Companion for explanation.
Type  H <return>  for immediate help.
 ...                                              
                                                  
l.6 ...∞·ªùng ƒë·∫°i h·ªçc khoa h·ªçc t·ª± nhi√™n}
                                                  \\[0.5cm]
You may provide a definition with
\DeclareUnicodeCharacter 


d:/Coding/HCMUS/UD IDA/Final Project/report/content/title.tex:6: LaTeX Error: Unicode character ·ª± (U+1EF1)
               not set up for use with LaTeX.

See the LaTeX manual or LaTeX Companion for explanation.
Type  H <return>  for immediate help.
 ...                                              
                                                  
l.6 ...∞·ªùng ƒë·∫°i h·ªçc khoa h·ªçc t·ª± nhi√™n}
                                                  \\[0.5cm]
You may provide a definition with
\DeclareUnicodeCharacter 


Overfull \hbox (24.47766pt too wide) in paragraph at lines 6--6
 []\OT1/cmr/m/sc/10 trng 
 []


Overfull \hbox (3.0222pt too wide) in paragraph at lines 6--6
 \OT1/cmr/m/sc/10 i 
 []


Overfull \hbox (12.04439pt too wide) in paragraph at lines 6--6
 \OT1/cmr/m/sc/10 hc 
 []


Overfull \hbox (24.75546pt too wide) in paragraph at lines 6--6
 \OT1/cmr/m/sc/10 khoa 
 []


Overfull \hbox (12.04439pt too wide) in paragraph at lines 6--6
 \OT1/cmr/m/sc/10 hc 
 []


Overfull \hbox (5.91107pt too wide) in paragraph at lines 6--6
 \OT1/cmr/m/sc/10 t 
 []


Overfull \hbox (26.9999pt too wide) in paragraph at lines 6--6
 \OT1/cmr/m/sc/10 nhi[]en 
 []


d:/Coding/HCMUS/UD IDA/Final Project/report/content/title.tex:7: LaTeX Error: Missing \begin{document}.

See the LaTeX manual or LaTeX Companion for explanation.
Type  H <return>  for immediate help.
 ...                                              
                                                  
l.7 \textsc{\large khoa c√¥ng ngh·ªá th√¥ng tin}
                                                \\[0.5cm]
You're in trouble here.  Try typing  <return>  to proceed.
If that doesn't work, type  X <return>  to quit.

d:/Coding/HCMUS/UD IDA/Final Project/report/content/title.tex:7: Undefined control sequence.
<recently read> \large 
                       
l.7 \textsc{\large khoa c√¥ng ngh·ªá th√¥ng tin}
                                                \\[0.5cm]
The control sequence at the end of the top line
of your error message was never \def'ed. If you have
misspelled it (e.g., `\hobx'), type `I' and the correct
spelling (e.g., `I\hbox'). Otherwise just continue,
and I'll forget about whatever was undefined.


d:/Coding/HCMUS/UD IDA/Final Project/report/content/title.tex:7: LaTeX Error: Unicode character ·ªá (U+1EC7)
               not set up for use with LaTeX.

See the LaTeX manual or LaTeX Companion for explanation.
Type  H <return>  for immediate help.
 ...                                              
                                                  
l.7 \textsc{\large khoa c√¥ng ngh·ªá th√¥ng tin}
                                                \\[0.5cm]
You may provide a definition with
\DeclareUnicodeCharacter 


Overfull \hbox (24.75546pt too wide) in paragraph at lines 7--7
 []\OT1/cmr/m/sc/10 khoa 
 []


Overfull \hbox (24.81099pt too wide) in paragraph at lines 7--7
 \OT1/cmr/m/sc/10 c[]ong 
 []


Overfull \hbox (18.6777pt too wide) in paragraph at lines 7--7
 \OT1/cmr/m/sc/10 ngh 
 []


Overfull \hbox (30.9443pt too wide) in paragraph at lines 7--7
 \OT1/cmr/m/sc/10 th[]ong 
 []


Overfull \hbox (15.06659pt too wide) in paragraph at lines 7--7
 \OT1/cmr/m/sc/10 tin 
 []

d:/Coding/HCMUS/UD IDA/Final Project/report/content/title.tex:9: Undefined control sequence.
l.9 \includegraphics
                    [scale=.25]{img/hcmus-logo.png}
The control sequence at the end of the top line
of your error message was never \def'ed. If you have
misspelled it (e.g., `\hobx'), type `I' and the correct
spelling (e.g., `I\hbox'). Otherwise just continue,
and I'll forget about whatever was undefined.


d:/Coding/HCMUS/UD IDA/Final Project/report/content/title.tex:9: LaTeX Error: Missing \begin{document}.

See the LaTeX manual or LaTeX Companion for explanation.
Type  H <return>  for immediate help.
 ...                                              
                                                  
l.9 \includegraphics[
                     scale=.25]{img/hcmus-logo.png}
You're in trouble here.  Try typing  <return>  to proceed.
If that doesn't work, type  X <return>  to quit.

Missing character: There is no [ in font nullfont!
Missing character: There is no s in font nullfont!
Missing character: There is no c in font nullfont!
Missing character: There is no a in font nullfont!
Missing character: There is no l in font nullfont!
Missing character: There is no e in font nullfont!
Missing character: There is no = in font nullfont!
Missing character: There is no . in font nullfont!
Missing character: There is no 2 in font nullfont!
Missing character: There is no 5 in font nullfont!
Missing character: There is no ] in font nullfont!
Missing character: There is no i in font nullfont!
Missing character: There is no m in font nullfont!
Missing character: There is no g in font nullfont!
Missing character: There is no / in font nullfont!
Missing character: There is no h in font nullfont!
Missing character: There is no c in font nullfont!
Missing character: There is no m in font nullfont!
Missing character: There is no u in font nullfont!
Missing character: There is no s in font nullfont!
Missing character: There is no - in font nullfont!
Missing character: There is no l in font nullfont!
Missing character: There is no o in font nullfont!
Missing character: There is no g in font nullfont!
Missing character: There is no o in font nullfont!
Missing character: There is no . in font nullfont!
Missing character: There is no p in font nullfont!
Missing character: There is no n in font nullfont!
Missing character: There is no g in font nullfont!

d:/Coding/HCMUS/UD IDA/Final Project/report/content/title.tex:11: LaTeX Error: Missing \begin{document}.

See the LaTeX manual or LaTeX Companion for explanation.
Type  H <return>  for immediate help.
 ...                                              
                                                  
l.11 \HRule
            \\[0.4cm]
You're in trouble here.  Try typing  <return>  to proceed.
If that doesn't work, type  X <return>  to quit.

d:/Coding/HCMUS/UD IDA/Final Project/report/content/title.tex:13: Undefined control sequence.
l.13 \huge
          {\bfseries{\reporttitle}}\\[0.5cm]
The control sequence at the end of the top line
of your error message was never \def'ed. If you have
misspelled it (e.g., `\hobx'), type `I' and the correct
spelling (e.g., `I\hbox'). Otherwise just continue,
and I'll forget about whatever was undefined.

d:/Coding/HCMUS/UD IDA/Final Project/report/content/title.tex:13: Undefined control sequence.
l.13 \huge{\bfseries{\reporttitle
                                 }}\\[0.5cm]
The control sequence at the end of the top line
of your error message was never \def'ed. If you have
misspelled it (e.g., `\hobx'), type `I' and the correct
spelling (e.g., `I\hbox'). Otherwise just continue,
and I'll forget about whatever was undefined.


d:/Coding/HCMUS/UD IDA/Final Project/report/content/title.tex:13: LaTeX Error: There's no line here to end.

See the LaTeX manual or LaTeX Companion for explanation.
Type  H <return>  for immediate help.
 ...                                              
                                                  
l.13 \huge{\bfseries{\reporttitle}}\\
                                     [0.5cm]
Your command was ignored.
Type  I <command> <return>  to replace it with another command,
or  <return>  to continue without it.

d:/Coding/HCMUS/UD IDA/Final Project/report/content/title.tex:14: Undefined control sequence.
l.14 \large
           {\bfseries{ƒê·ªÅ t√†i: \reportname}}
The control sequence at the end of the top line
of your error message was never \def'ed. If you have
misspelled it (e.g., `\hobx'), type `I' and the correct
spelling (e.g., `I\hbox'). Otherwise just continue,
and I'll forget about whatever was undefined.


d:/Coding/HCMUS/UD IDA/Final Project/report/content/title.tex:14: LaTeX Error: Command \DJ unavailable in encoding OT1.

See the LaTeX manual or LaTeX Companion for explanation.
Type  H <return>  for immediate help.
 ...                                              
                                                  
l.14 \large{\bfseries{ƒê
                        ·ªÅ t√†i: \reportname}}
Your command was ignored.
Type  I <command> <return>  to replace it with another command,
or  <return>  to continue without it.


d:/Coding/HCMUS/UD IDA/Final Project/report/content/title.tex:14: LaTeX Error: Unicode character ·ªÅ (U+1EC1)
               not set up for use with LaTeX.

See the LaTeX manual or LaTeX Companion for explanation.
Type  H <return>  for immediate help.
 ...                                              
                                                  
l.14 \large{\bfseries{ƒê·ªÅ
                            t√†i: \reportname}}
You may provide a definition with
\DeclareUnicodeCharacter 


d:/Coding/HCMUS/UD IDA/Final Project/report/content/title.tex:14: LaTeX Error: Missing \begin{document}.

See the LaTeX manual or LaTeX Companion for explanation.
Type  H <return>  for immediate help.
 ...                                              
                                                  
l.14 \large{\bfseries{ƒê·ªÅ t
                             √†i: \reportname}}
You're in trouble here.  Try typing  <return>  to proceed.
If that doesn't work, type  X <return>  to quit.

d:/Coding/HCMUS/UD IDA/Final Project/report/content/title.tex:14: Undefined control sequence.
l.14 \large{\bfseries{ƒê·ªÅ t√†i: \reportname
                                             }}
The control sequence at the end of the top line
of your error message was never \def'ed. If you have
misspelled it (e.g., `\hobx'), type `I' and the correct
spelling (e.g., `I\hbox'). Otherwise just continue,
and I'll forget about whatever was undefined.


Overfull \hbox (16.45128pt too wide) in paragraph at lines 14--15
 []\OT1/cmr/bx/n/10 t^^Rai: 
 []


d:/Coding/HCMUS/UD IDA/Final Project/report/content/title.tex:16: LaTeX Error: Missing \begin{document}.

See the LaTeX manual or LaTeX Companion for explanation.
Type  H <return>  for immediate help.
 ...                                              
                                                  
l.16 \HRule
            \\[0.5cm]
You're in trouble here.  Try typing  <return>  to proceed.
If that doesn't work, type  X <return>  to quit.


d:/Coding/HCMUS/UD IDA/Final Project/report/content/title.tex:18: LaTeX Error: Missing \begin{document}.

See the LaTeX manual or LaTeX Companion for explanation.
Type  H <return>  for immediate help.
 ...                                              
                                                  
l.18 \textbf{\large M√¥n h·ªçc: \coursename}
                                            \\[0.5cm]
You're in trouble here.  Try typing  <return>  to proceed.
If that doesn't work, type  X <return>  to quit.

d:/Coding/HCMUS/UD IDA/Final Project/report/content/title.tex:18: Undefined control sequence.
<recently read> \large 
                       
l.18 \textbf{\large M√¥n h·ªçc: \coursename}
                                            \\[0.5cm]
The control sequence at the end of the top line
of your error message was never \def'ed. If you have
misspelled it (e.g., `\hobx'), type `I' and the correct
spelling (e.g., `I\hbox'). Otherwise just continue,
and I'll forget about whatever was undefined.


d:/Coding/HCMUS/UD IDA/Final Project/report/content/title.tex:18: LaTeX Error: Unicode character ·ªç (U+1ECD)
               not set up for use with LaTeX.

See the LaTeX manual or LaTeX Companion for explanation.
Type  H <return>  for immediate help.
 ...                                              
                                                  
l.18 \textbf{\large M√¥n h·ªçc: \coursename}
                                            \\[0.5cm]
You may provide a definition with
\DeclareUnicodeCharacter 

d:/Coding/HCMUS/UD IDA/Final Project/report/content/title.tex:18: Undefined control sequence.
<argument> \large M√¥n h·ªçc: \coursename 
                                          
l.18 \textbf{\large M√¥n h·ªçc: \coursename}
                                            \\[0.5cm]
The control sequence at the end of the top line
of your error message was never \def'ed. If you have
misspelled it (e.g., `\hobx'), type `I' and the correct
spelling (e.g., `I\hbox'). Otherwise just continue,
and I'll forget about whatever was undefined.


Overfull \hbox (23.05544pt too wide) in paragraph at lines 18--18
 []\OT1/cmr/bx/n/10 M^on 
 []


Overfull \hbox (14.69437pt too wide) in paragraph at lines 18--18
 \OT1/cmr/bx/n/10 hc: 
 []


d:/Coding/HCMUS/UD IDA/Final Project/report/content/title.tex:20: LaTeX Error: Missing \begin{document}.

See the LaTeX manual or LaTeX Companion for explanation.
Type  H <return>  for immediate help.
 ...                                              
                                                  
l.20 \begin{minipage}[t]{0.5\textwidth}
                                       
You're in trouble here.  Try typing  <return>  to proceed.
If that doesn't work, type  X <return>  to quit.

d:/Coding/HCMUS/UD IDA/Final Project/report/content/title.tex:21: Undefined control sequence.
l.21 \begin{flushleft} \large
                             
The control sequence at the end of the top line
of your error message was never \def'ed. If you have
misspelled it (e.g., `\hobx'), type `I' and the correct
spelling (e.g., `I\hbox'). Otherwise just continue,
and I'll forget about whatever was undefined.


d:/Coding/HCMUS/UD IDA/Final Project/report/content/title.tex:22: LaTeX Error: Unicode character ·ª± (U+1EF1)
               not set up for use with LaTeX.

See the LaTeX manual or LaTeX Companion for explanation.
Type  H <return>  for immediate help.
 ...                                              
                                                  
l.22 \emph{Sinh vi√™n th·ª±c hi·ªán:}
                                     \\
You may provide a definition with
\DeclareUnicodeCharacter 


d:/Coding/HCMUS/UD IDA/Final Project/report/content/title.tex:22: LaTeX Error: Unicode character ·ªá (U+1EC7)
               not set up for use with LaTeX.

See the LaTeX manual or LaTeX Companion for explanation.
Type  H <return>  for immediate help.
 ...                                              
                                                  
l.22 \emph{Sinh vi√™n th·ª±c hi·ªán:}
                                     \\
You may provide a definition with
\DeclareUnicodeCharacter 

d:/Coding/HCMUS/UD IDA/Final Project/report/content/title.tex:23: Undefined control sequence.
<recently read> \studentname 
                             
l.23 \studentname
                 
The control sequence at the end of the top line
of your error message was never \def'ed. If you have
misspelled it (e.g., `\hobx'), type `I' and the correct
spelling (e.g., `I\hbox'). Otherwise just continue,
and I'll forget about whatever was undefined.

d:/Coding/HCMUS/UD IDA/Final Project/report/content/title.tex:28: Undefined control sequence.
l.28 \begin{flushright} \large
                              
The control sequence at the end of the top line
of your error message was never \def'ed. If you have
misspelled it (e.g., `\hobx'), type `I' and the correct
spelling (e.g., `I\hbox'). Otherwise just continue,
and I'll forget about whatever was undefined.


d:/Coding/HCMUS/UD IDA/Final Project/report/content/title.tex:29: LaTeX Error: Unicode character ∆∞ (U+01B0)
               not set up for use with LaTeX.

See the LaTeX manual or LaTeX Companion for explanation.
Type  H <return>  for immediate help.
 ...                                              
                                                  
l.29 \emph{Gi√°o vi√™n h∆∞·ªõng d·∫´n:}
                                        \\
You may provide a definition with
\DeclareUnicodeCharacter 


d:/Coding/HCMUS/UD IDA/Final Project/report/content/title.tex:29: LaTeX Error: Unicode character ·ªõ (U+1EDB)
               not set up for use with LaTeX.

See the LaTeX manual or LaTeX Companion for explanation.
Type  H <return>  for immediate help.
 ...                                              
                                                  
l.29 \emph{Gi√°o vi√™n h∆∞·ªõng d·∫´n:}
                                        \\
You may provide a definition with
\DeclareUnicodeCharacter 


d:/Coding/HCMUS/UD IDA/Final Project/report/content/title.tex:29: LaTeX Error: Unicode character ·∫´ (U+1EAB)
               not set up for use with LaTeX.

See the LaTeX manual or LaTeX Companion for explanation.
Type  H <return>  for immediate help.
 ...                                              
                                                  
l.29 \emph{Gi√°o vi√™n h∆∞·ªõng d·∫´n:}
                                        \\
You may provide a definition with
\DeclareUnicodeCharacter 

d:/Coding/HCMUS/UD IDA/Final Project/report/content/title.tex:30: Undefined control sequence.
<recently read> \teachername 
                             
l.30 \teachername
                 
The control sequence at the end of the top line
of your error message was never \def'ed. If you have
misspelled it (e.g., `\hobx'), type `I' and the correct
spelling (e.g., `I\hbox'). Otherwise just continue,
and I'll forget about whatever was undefined.


Overfull \hbox (4095.99998pt too wide) in paragraph at lines 20--32
 [][] 
 []


Overfull \hbox (3276.74998pt too wide) in paragraph at lines 20--32
 [] 
 []


d:/Coding/HCMUS/UD IDA/Final Project/report/content/title.tex:35: LaTeX Error: Missing \begin{document}.

See the LaTeX manual or LaTeX Companion for explanation.
Type  H <return>  for immediate help.
 ...                                              
                                                  
l.35 \begin{minipage}[b]{\textwidth}
                                    
You're in trouble here.  Try typing  <return>  to proceed.
If that doesn't work, type  X <return>  to quit.

d:/Coding/HCMUS/UD IDA/Final Project/report/content/title.tex:37: Undefined control sequence.
l.37     \large
               
The control sequence at the end of the top line
of your error message was never \def'ed. If you have
misspelled it (e.g., `\hobx'), type `I' and the correct
spelling (e.g., `I\hbox'). Otherwise just continue,
and I'll forget about whatever was undefined.

d:/Coding/HCMUS/UD IDA/Final Project/report/content/title.tex:38: Undefined control sequence.
l.38     \today
               
The control sequence at the end of the top line
of your error message was never \def'ed. If you have
misspelled it (e.g., `\hobx'), type `I' and the correct
spelling (e.g., `I\hbox'). Otherwise just continue,
and I'll forget about whatever was undefined.


d:/Coding/HCMUS/UD IDA/Final Project/report/content/title.tex:44: LaTeX Error: \begin{document} ended by \end{titlepage}.

See the LaTeX manual or LaTeX Companion for explanation.
Type  H <return>  for immediate help.
 ...                                              
                                                  
l.44 \end{titlepage}
                    
Your command was ignored.
Type  I <command> <return>  to replace it with another command,
or  <return>  to continue without it.

)
! Emergency stop.
<*> ...IDA/Final Project/report/content/title.tex"
                                                  
*** (job aborted, no legal \end found)

 
Here is how much of TeX's memory you used:
 57 strings out of 474592
 1023 string characters out of 5746742
 1924533 words of memory out of 5000000
 22334 multiletter control sequences out of 15000+600000
 559024 words of font info for 39 fonts, out of 8000000 for 9000
 1141 hyphenation exceptions out of 8191
 18i,3n,22p,169b,202s stack positions out of 10000i,1000n,20000p,200000b,200000s
!  ==> Fatal error occurred, no output PDF file produced!
